<?xml version="1.0" encoding="UTF-8"?>
<testng-results skipped="0" failed="0" ignored="0" total="1" passed="1">
  <reporter-output>
  </reporter-output>
  <suite name="Default suite" duration-ms="4832" started-at="2022-03-26T17:00:43Z" finished-at="2022-03-26T17:00:48Z">
    <groups>
    </groups>
    <test name="Default test" duration-ms="4832" started-at="2022-03-26T17:00:43Z" finished-at="2022-03-26T17:00:48Z">
      <class name="test1.TestSelenium1">
        <test-method status="PASS" signature="selenium_test1()[pri:0, instance:test1.TestSelenium1@2b6faea6]" name="selenium_test1" duration-ms="4805" started-at="2022-03-26T11:00:43Z" finished-at="2022-03-26T11:00:48Z">
          <reporter-output>
          </reporter-output>
        </test-method> <!-- selenium_test1 -->
      </class> <!-- test1.TestSelenium1 -->
    </test> <!-- Default test -->
  </suite> <!-- Default suite -->
</testng-results>
